<?xml version="1.0" encoding="UTF-8"?>
<testsuite name="memory.MemoryFinderTest" tests="1" skipped="0" failures="0" errors="0" timestamp="2025-02-19T08:49:04" hostname="DESKTOP-6T745CB" time="0.093">
  <properties/>
  <testcase name="get()" classname="memory.MemoryFinderTest" time="0.093"/>
  <system-out><![CDATA[memory = Memory{used=16982712, max=536870912}
]]></system-out>
  <system-err><![CDATA[]]></system-err>
</testsuite>
