<?xml version="1.0" encoding="UTF-8"?>
<testsuite name="memory.MemoryFinderTest" tests="1" skipped="0" failures="0" errors="0" timestamp="2025-02-19T09:14:03" hostname="DESKTOP-6T745CB" time="0.175">
  <properties/>
  <testcase name="get()" classname="memory.MemoryFinderTest" time="0.175"/>
  <system-out><![CDATA[memory = Memory{used=18290784, max=536870912}
]]></system-out>
  <system-err><![CDATA[]]></system-err>
</testsuite>
